This file contains any messages produced by compilers while
running configure, to aid debugging if configure makes a mistake.

It was created by minimachine configure 0.1, which was
generated by GNU Autoconf 2.71.  Invocation command line was

  $ ./configure

## --------- ##
## Platform. ##
## --------- ##

hostname = nixos
uname -m = x86_64
uname -r = 5.15.62
uname -s = Linux
uname -v = #1-NixOS SMP Sun Aug 21 13:17:49 UTC 2022

/usr/bin/uname -p = unknown
/bin/uname -X     = unknown

/bin/arch              = unknown
/usr/bin/arch -k       = unknown
/usr/convex/getsysinfo = unknown
/usr/bin/hostinfo      = unknown
/bin/machine           = unknown
/usr/bin/oslevel       = unknown
/bin/universe          = unknown

PATH: /nix/store/fq9y3qc1vczbs2wqslz0cxccrrk71iy1-bash-interactive-5.1-p16/bin/
PATH: /nix/store/zaw7h52kp06p0y6brb0bdx20hkbxfjgs-patchelf-0.14.5/bin/
PATH: /nix/store/yzs8390walgk2rwl6i5li2g672hdn0kv-gcc-wrapper-11.3.0/bin/
PATH: /nix/store/2lr0fc0ak8rwj0k8n3shcyz1hz63wzma-gcc-11.3.0/bin/
PATH: /nix/store/l4b3ilygyf9vwb037dhfxf53zhhfg12q-glibc-2.34-210-bin/bin/
PATH: /nix/store/p643r4aczmzb0dhyrx3dj592f0s5v7xj-coreutils-9.0/bin/
PATH: /nix/store/bjqw79cn2fmly1basclhkmkhl6l6516w-binutils-wrapper-2.38/bin/
PATH: /nix/store/zgvxnf9047rdd8g8kq2zxxm9k6kfqf8b-binutils-2.38/bin/
PATH: /nix/store/p643r4aczmzb0dhyrx3dj592f0s5v7xj-coreutils-9.0/bin/
PATH: /nix/store/7g48ahc3xnmb5b851vw60nbdgvk0wsf8-findutils-4.9.0/bin/
PATH: /nix/store/prvq6jvmx2df58yvb8mdnxmwbk5mqfna-diffutils-3.8/bin/
PATH: /nix/store/lrxxki2m4gr4w3lxw08qpd465skpa04y-gnused-4.8/bin/
PATH: /nix/store/ja8bi2cbpm36nwqy1hvklm3y9n7s3247-gnugrep-3.7/bin/
PATH: /nix/store/5zr6cb14mxl2vdcjxpyv3xw8s8rsacpb-gawk-5.1.1/bin/
PATH: /nix/store/mnln1nxdhxx5qj8rcyvllhhs6d4h668b-gnutar-1.34/bin/
PATH: /nix/store/6707csjy3qf4p9anrrg3lbsjlh7il7lh-gzip-1.12/bin/
PATH: /nix/store/5x7iy5nxdbnc3zgqxw8cywns4f21h35f-bzip2-1.0.6.0.2-bin/bin/
PATH: /nix/store/w8d6aji611mfzxfgm8a6zqnp0k8xd577-gnumake-4.3/bin/
PATH: /nix/store/xbdqbi2mscmhl5wcpbgpjdwxbsrvpkil-bash-5.1-p16/bin/
PATH: /nix/store/z80nmskbpm368gkh56dvpmpcj8dbqg2m-patch-2.7.6/bin/
PATH: /nix/store/plwz40xsmqsiq5gqavij50lp9vzpn2p6-xz-5.2.5-bin/bin/
PATH: /run/wrappers/bin/
PATH: /home/nodokaha/.local/share/flatpak/exports/bin/
PATH: /var/lib/flatpak/exports/bin/
PATH: /home/nodokaha/.nix-profile/bin/
PATH: /etc/profiles/per-user/nodokaha/bin/
PATH: /nix/var/nix/profiles/default/bin/
PATH: /run/current-system/sw/bin/


## ----------- ##
## Core tests. ##
## ----------- ##

configure:2207: looking for aux files: compile missing install-sh
configure:2220:  trying ./
configure:2249:   ./compile found
configure:2249:   ./missing found
configure:2231:   ./install-sh found
configure:2381: checking for a BSD-compatible install
configure:2454: result: /nix/store/p643r4aczmzb0dhyrx3dj592f0s5v7xj-coreutils-9.0/bin/install -c
configure:2465: checking whether build environment is sane
configure:2520: result: yes
configure:2679: checking for a race-free mkdir -p
configure:2723: result: /nix/store/p643r4aczmzb0dhyrx3dj592f0s5v7xj-coreutils-9.0/bin/mkdir -p
configure:2730: checking for gawk
configure:2751: found /nix/store/5zr6cb14mxl2vdcjxpyv3xw8s8rsacpb-gawk-5.1.1/bin/gawk
configure:2762: result: gawk
configure:2773: checking whether make sets $(MAKE)
configure:2796: result: yes
configure:2826: checking whether make supports nested variables
configure:2844: result: yes
configure:3044: checking for gcc
configure:3076: result: gcc
configure:3429: checking for C compiler version
configure:3438: gcc --version >&5
gcc (GCC) 11.3.0
Copyright (C) 2021 Free Software Foundation, Inc.
This is free software; see the source for copying conditions.  There is NO
warranty; not even for MERCHANTABILITY or FITNESS FOR A PARTICULAR PURPOSE.

configure:3449: $? = 0
configure:3438: gcc -v >&5
Using built-in specs.
COLLECT_GCC=/nix/store/2lr0fc0ak8rwj0k8n3shcyz1hz63wzma-gcc-11.3.0/bin/gcc
COLLECT_LTO_WRAPPER=/nix/store/2lr0fc0ak8rwj0k8n3shcyz1hz63wzma-gcc-11.3.0/libexec/gcc/x86_64-unknown-linux-gnu/11.3.0/lto-wrapper
Target: x86_64-unknown-linux-gnu
Configured with: 
Thread model: posix
Supported LTO compression algorithms: zlib
gcc version 11.3.0 (GCC) 
configure:3449: $? = 0
configure:3438: gcc -V >&5
gcc: error: unrecognized command-line option '-V'
gcc: fatal error: no input files
compilation terminated.
configure:3449: $? = 1
configure:3438: gcc -qversion >&5
gcc: error: unrecognized command-line option '-qversion'; did you mean '--version'?
gcc: fatal error: no input files
compilation terminated.
configure:3449: $? = 1
configure:3438: gcc -version >&5
gcc: error: unrecognized command-line option '-version'
gcc: fatal error: no input files
compilation terminated.
configure:3449: $? = 1
configure:3469: checking whether the C compiler works
configure:3491: gcc    conftest.c  >&5
configure:3495: $? = 0
configure:3545: result: yes
configure:3548: checking for C compiler default output file name
configure:3550: result: a.out
configure:3556: checking for suffix of executables
configure:3563: gcc -o conftest    conftest.c  >&5
configure:3567: $? = 0
configure:3590: result: 
configure:3612: checking whether we are cross compiling
configure:3620: gcc -o conftest    conftest.c  >&5
configure:3624: $? = 0
configure:3631: ./conftest
configure:3635: $? = 0
configure:3650: result: no
configure:3655: checking for suffix of object files
configure:3678: gcc -c   conftest.c >&5
configure:3682: $? = 0
configure:3704: result: o
configure:3708: checking whether the compiler supports GNU C
configure:3728: gcc -c   conftest.c >&5
configure:3728: $? = 0
configure:3738: result: yes
configure:3749: checking whether gcc accepts -g
configure:3770: gcc -c -g  conftest.c >&5
configure:3770: $? = 0
configure:3814: result: yes
configure:3834: checking for gcc option to enable C11 features
configure:3849: gcc  -c -g -O2  conftest.c >&5
configure:3849: $? = 0
configure:3867: result: none needed
configure:3983: checking whether gcc understands -c and -o together
configure:4006: gcc -c conftest.c -o conftest2.o
configure:4009: $? = 0
configure:4006: gcc -c conftest.c -o conftest2.o
configure:4009: $? = 0
configure:4021: result: yes
configure:4041: checking whether make supports the include directive
configure:4056: make -f confmf.GNU && cat confinc.out
this is the am__doit target
configure:4059: $? = 0
configure:4078: result: yes (GNU style)
configure:4104: checking dependency style of gcc
configure:4216: result: gcc3
configure:4240: checking for strtol
configure:4240: gcc -o conftest -g -O2   conftest.c  >&5
configure:4240: $? = 0
configure:4240: result: yes
configure:4351: checking that generated files are newer than configure
configure:4357: result: done
configure:4380: creating ./config.status

## ---------------------- ##
## Running config.status. ##
## ---------------------- ##

This file was extended by minimachine config.status 0.1, which was
generated by GNU Autoconf 2.71.  Invocation command line was

  CONFIG_FILES    = 
  CONFIG_HEADERS  = 
  CONFIG_LINKS    = 
  CONFIG_COMMANDS = 
  $ ./config.status 

on nixos

config.status:838: creating Makefile
config.status:838: creating src/Makefile
config.status:838: creating config.h
config.status:1067: executing depfiles commands
config.status:1144: cd src       && sed -e '/# am--include-marker/d' Makefile         | make -f - am--depfiles
make: Nothing to be done for 'am--depfiles'.
config.status:1149: $? = 0

## ---------------- ##
## Cache variables. ##
## ---------------- ##

ac_cv_c_compiler_gnu=yes
ac_cv_env_CC_set=set
ac_cv_env_CC_value=gcc
ac_cv_env_CFLAGS_set=
ac_cv_env_CFLAGS_value=
ac_cv_env_CPPFLAGS_set=
ac_cv_env_CPPFLAGS_value=
ac_cv_env_LDFLAGS_set=
ac_cv_env_LDFLAGS_value=
ac_cv_env_LIBS_set=
ac_cv_env_LIBS_value=
ac_cv_env_build_alias_set=
ac_cv_env_build_alias_value=
ac_cv_env_host_alias_set=
ac_cv_env_host_alias_value=
ac_cv_env_target_alias_set=
ac_cv_env_target_alias_value=
ac_cv_func_strtol=yes
ac_cv_objext=o
ac_cv_path_install='/nix/store/p643r4aczmzb0dhyrx3dj592f0s5v7xj-coreutils-9.0/bin/install -c'
ac_cv_path_mkdir=/nix/store/p643r4aczmzb0dhyrx3dj592f0s5v7xj-coreutils-9.0/bin/mkdir
ac_cv_prog_AWK=gawk
ac_cv_prog_ac_ct_CC=gcc
ac_cv_prog_cc_c11=
ac_cv_prog_cc_g=yes
ac_cv_prog_cc_stdc=
ac_cv_prog_make_make_set=yes
am_cv_CC_dependencies_compiler_type=gcc3
am_cv_make_support_nested_variables=yes
am_cv_prog_cc_c_o=yes

## ----------------- ##
## Output variables. ##
## ----------------- ##

ACLOCAL='${SHELL} '\''/home/nodokaha/minimachine/missing'\'' aclocal-1.16'
AMDEPBACKSLASH='\'
AMDEP_FALSE='#'
AMDEP_TRUE=''
AMTAR='$${TAR-tar}'
AM_BACKSLASH='\'
AM_DEFAULT_V='$(AM_DEFAULT_VERBOSITY)'
AM_DEFAULT_VERBOSITY='1'
AM_V='$(V)'
AUTOCONF='${SHELL} '\''/home/nodokaha/minimachine/missing'\'' autoconf'
AUTOHEADER='${SHELL} '\''/home/nodokaha/minimachine/missing'\'' autoheader'
AUTOMAKE='${SHELL} '\''/home/nodokaha/minimachine/missing'\'' automake-1.16'
AWK='gawk'
CC='gcc'
CCDEPMODE='depmode=gcc3'
CFLAGS='-g -O2'
CPPFLAGS=''
CSCOPE='cscope'
CTAGS='ctags'
CYGPATH_W='echo'
DEFS='-DHAVE_CONFIG_H'
DEPDIR='.deps'
ECHO_C=''
ECHO_N='-n'
ECHO_T=''
ETAGS='etags'
EXEEXT=''
INSTALL_DATA='${INSTALL} -m 644'
INSTALL_PROGRAM='${INSTALL}'
INSTALL_SCRIPT='${INSTALL}'
INSTALL_STRIP_PROGRAM='$(install_sh) -c -s'
LDFLAGS=''
LIBOBJS=''
LIBS=''
LTLIBOBJS=''
MAKEINFO='${SHELL} '\''/home/nodokaha/minimachine/missing'\'' makeinfo'
MKDIR_P='/nix/store/p643r4aczmzb0dhyrx3dj592f0s5v7xj-coreutils-9.0/bin/mkdir -p'
OBJEXT='o'
PACKAGE='minimachine'
PACKAGE_BUGREPORT='scpeee@wail.ch'
PACKAGE_NAME='minimachine'
PACKAGE_STRING='minimachine 0.1'
PACKAGE_TARNAME='minimachine'
PACKAGE_URL=''
PACKAGE_VERSION='0.1'
PATH_SEPARATOR=':'
SET_MAKE=''
SHELL='/nix/store/xbdqbi2mscmhl5wcpbgpjdwxbsrvpkil-bash-5.1-p16/bin/bash'
STRIP='strip'
VERSION='0.1'
ac_ct_CC='gcc'
am__EXEEXT_FALSE=''
am__EXEEXT_TRUE='#'
am__fastdepCC_FALSE='#'
am__fastdepCC_TRUE=''
am__include='include'
am__isrc=''
am__leading_dot='.'
am__nodep='_no'
am__quote=''
am__tar='$${TAR-tar} chof - "$$tardir"'
am__untar='$${TAR-tar} xf -'
bindir='${exec_prefix}/bin'
build_alias=''
datadir='${datarootdir}'
datarootdir='${prefix}/share'
docdir='${datarootdir}/doc/${PACKAGE_TARNAME}'
dvidir='${docdir}'
exec_prefix='${prefix}'
host_alias=''
htmldir='${docdir}'
includedir='${prefix}/include'
infodir='${datarootdir}/info'
install_sh='${SHELL} /home/nodokaha/minimachine/install-sh'
libdir='${exec_prefix}/lib'
libexecdir='${exec_prefix}/libexec'
localedir='${datarootdir}/locale'
localstatedir='${prefix}/var'
mandir='${datarootdir}/man'
mkdir_p='$(MKDIR_P)'
oldincludedir='/usr/include'
pdfdir='${docdir}'
prefix='/usr/local'
program_transform_name='s,x,x,'
psdir='${docdir}'
runstatedir='${localstatedir}/run'
sbindir='${exec_prefix}/sbin'
sharedstatedir='${prefix}/com'
sysconfdir='${prefix}/etc'
target_alias=''

## ----------- ##
## confdefs.h. ##
## ----------- ##

/* confdefs.h */
#define PACKAGE_NAME "minimachine"
#define PACKAGE_TARNAME "minimachine"
#define PACKAGE_VERSION "0.1"
#define PACKAGE_STRING "minimachine 0.1"
#define PACKAGE_BUGREPORT "scpeee@wail.ch"
#define PACKAGE_URL ""
#define PACKAGE "minimachine"
#define VERSION "0.1"
#define HAVE_STRTOL 1

configure: exit 0
